<?xml version="1.0" encoding="UTF-8"?>
<!-- Generated by org.testng.reporters.JUnitXMLReporter -->
<testsuite ignored="0" hostname="DESKTOP-HDB50OV" failures="1" tests="2" name="Submit Order Tests" time="21.597" errors="0" timestamp="2024-05-12T16:33:52 SGT">
  <testcase classname="Application.Tests.SubmitOrderTest" name="submitOrder" time="3.376"/>
  <testcase classname="Application.Tests.SubmitOrderTest" name="validateOrderPage" time="10.601">
    <failure type="java.lang.AssertionError" message="expected [true] but found [false]">
      <![CDATA[java.lang.AssertionError: expected [true] but found [false]
at Application.Tests.SubmitOrderTest.validateOrderPage(SubmitOrderTest.java:47)
at java.base/java.util.ArrayList.forEach(ArrayList.java:1511)
... Removed 31 stack frames]]>
    </failure>
  </testcase> <!-- validateOrderPage -->
</testsuite> <!-- Submit Order Tests -->
